2019-07-18 13:38:48,229 INFO: 
        ===========================================
        REFCHEF ðŸ¶
        -------------------------------------------
        - References will be downloaded to: tests/data
        - Remote repository for master.yaml fernandogelin/refchef-test
        - Local repository for master.yaml tests/refchef-test
        - Logs files: tests/refchef-test/logs/
        -------------------------------------------
        
2019-07-18 13:38:48,229 INFO: 
        -------------------------------------------
        The folowing references will be downloaded:
            - reference_test1
        ===========================================
            
2019-07-18 13:38:48,232 INFO:  ðŸ¶ RefChef... getting reference: reference_test1, component: primary
2019-07-18 13:38:48,232 INFO: Running command "wget -nv https://s3.us-east-2.amazonaws.com/refchef-tests/chr1.fa.gz"
2019-07-18 13:38:50,108 INFO: Running command "md5 *.fa.gz > postdownload_checksums.md5"
2019-07-18 13:38:50,259 INFO: Running command "gunzip *.gz"
2019-07-18 13:38:54,318 INFO: Running command "md5 *.fa > final_checksums.md5"
2019-07-18 13:38:54,752 INFO: References processed: ['reference_test1']
2019-07-18 13:38:54,753 INFO: Location of references: tests/data
2019-07-18 13:38:54,832 INFO: 
Empty DataFrame
Columns: [type, name, component, organization, uuid]
Index: []
