2019-07-18 13:38:23,446 INFO: 
        ===========================================
        REFCHEF ðŸ¶
        -------------------------------------------
        - References will be downloaded to: tests/data
        - Remote repository for master.yaml fernandogelin/refchef-test
        - Local repository for master.yaml tests/refchef-test
        - Logs files: tests/refchef-test/logs/
        -------------------------------------------
        
2019-07-18 13:38:23,446 INFO: 
        -------------------------------------------
        The folowing references will be downloaded:
            - reference_test1
        ===========================================
            
2019-07-18 13:38:23,449 INFO:  ðŸ¶ RefChef... getting reference: reference_test1, component: primary
2019-07-18 13:38:23,449 INFO: Running command "wget -nv https://s3.us-east-2.amazonaws.com/refchef-tests/chr1.fa.gz"
2019-07-18 13:38:25,331 INFO: Running command "md5 *.fa.gz > postdownload_checksums.md5"
2019-07-18 13:38:25,480 INFO: Running command "gunzip *.gz"
2019-07-18 13:38:28,709 INFO: Running command "md5 *.fa > final_checksums.md5"
2019-07-18 13:38:29,144 INFO: References processed: ['reference_test1']
2019-07-18 13:38:29,145 INFO: Location of references: tests/data
