2019-07-18 13:40:19,813 INFO: 
        ===========================================
        REFCHEF ðŸ¶
        -------------------------------------------
        - References will be downloaded to: tests/data
        - Remote repository for master.yaml fernandogelin/refchef-test
        - Local repository for master.yaml tests/refchef-test
        - Logs files: tests/refchef-test/logs/
        -------------------------------------------
        
2019-07-18 13:40:19,813 INFO: 
        -------------------------------------------
        The folowing references will be downloaded:
            - reference_test1
        ===========================================
            
2019-07-18 13:40:19,816 INFO:  ðŸ¶ RefChef... getting reference: reference_test1, component: primary
2019-07-18 13:40:19,816 INFO: Running command "wget -nv https://s3.us-east-2.amazonaws.com/refchef-tests/chr1.fa.gz"
2019-07-18 13:40:21,728 INFO: Running command "md5 *.fa.gz > postdownload_checksums.md5"
2019-07-18 13:40:21,875 INFO: Running command "gunzip *.gz"
2019-07-18 13:40:24,768 INFO: Running command "md5 *.fa > final_checksums.md5"
2019-07-18 13:40:25,204 INFO: References processed: ['reference_test1']
2019-07-18 13:40:25,204 INFO: Location of references: tests/data
